::1 - - [17/May/2016:18:27:07 +0000] "GET / HTTP/1.1" 304 - "-" "Mozilla/5.0 (Macintosh; Intel Mac OS X 10_11_2) AppleWebKit/537.36 (KHTML, like Gecko) Chrome/50.0.2661.94 Safari/537.36"
::1 - - [17/May/2016:18:27:07 +0000] "GET /api/messages HTTP/1.1" 304 - "http://localhost:3000/" "Mozilla/5.0 (Macintosh; Intel Mac OS X 10_11_2) AppleWebKit/537.36 (KHTML, like Gecko) Chrome/50.0.2661.94 Safari/537.36"
::1 - - [17/May/2016:18:27:09 +0000] "GET / HTTP/1.1" 304 - "-" "Mozilla/5.0 (Macintosh; Intel Mac OS X 10_11_2) AppleWebKit/537.36 (KHTML, like Gecko) Chrome/50.0.2661.94 Safari/537.36"
::1 - - [17/May/2016:18:27:09 +0000] "GET /api/messages HTTP/1.1" 304 - "http://localhost:3000/" "Mozilla/5.0 (Macintosh; Intel Mac OS X 10_11_2) AppleWebKit/537.36 (KHTML, like Gecko) Chrome/50.0.2661.94 Safari/537.36"
::1 - - [17/May/2016:18:27:12 +0000] "DELETE /api/messages/572a462cf67cec6b4ea6d99d HTTP/1.1" 200 29 "http://localhost:3000/" "Mozilla/5.0 (Macintosh; Intel Mac OS X 10_11_2) AppleWebKit/537.36 (KHTML, like Gecko) Chrome/50.0.2661.94 Safari/537.36"
::1 - - [17/May/2016:18:27:12 +0000] "GET /api/messages HTTP/1.1" 200 461 "http://localhost:3000/" "Mozilla/5.0 (Macintosh; Intel Mac OS X 10_11_2) AppleWebKit/537.36 (KHTML, like Gecko) Chrome/50.0.2661.94 Safari/537.36"
::1 - - [17/May/2016:18:27:16 +0000] "POST /api/messages HTTP/1.1" 200 128 "http://localhost:3000/" "Mozilla/5.0 (Macintosh; Intel Mac OS X 10_11_2) AppleWebKit/537.36 (KHTML, like Gecko) Chrome/50.0.2661.94 Safari/537.36"
::1 - - [17/May/2016:18:27:16 +0000] "GET /api/messages HTTP/1.1" 200 590 "http://localhost:3000/" "Mozilla/5.0 (Macintosh; Intel Mac OS X 10_11_2) AppleWebKit/537.36 (KHTML, like Gecko) Chrome/50.0.2661.94 Safari/537.36"
::1 - - [17/May/2016:18:27:20 +0000] "POST /api/messages HTTP/1.1" 200 131 "http://localhost:3000/" "Mozilla/5.0 (Macintosh; Intel Mac OS X 10_11_2) AppleWebKit/537.36 (KHTML, like Gecko) Chrome/50.0.2661.94 Safari/537.36"
::1 - - [17/May/2016:18:27:20 +0000] "GET /api/messages HTTP/1.1" 200 722 "http://localhost:3000/" "Mozilla/5.0 (Macintosh; Intel Mac OS X 10_11_2) AppleWebKit/537.36 (KHTML, like Gecko) Chrome/50.0.2661.94 Safari/537.36"
::1 - - [17/May/2016:18:27:24 +0000] "POST /api/messages HTTP/1.1" 200 131 "http://localhost:3000/" "Mozilla/5.0 (Macintosh; Intel Mac OS X 10_11_2) AppleWebKit/537.36 (KHTML, like Gecko) Chrome/50.0.2661.94 Safari/537.36"
::1 - - [17/May/2016:18:27:24 +0000] "GET /api/messages HTTP/1.1" 200 854 "http://localhost:3000/" "Mozilla/5.0 (Macintosh; Intel Mac OS X 10_11_2) AppleWebKit/537.36 (KHTML, like Gecko) Chrome/50.0.2661.94 Safari/537.36"
::1 - - [17/May/2016:18:27:26 +0000] "DELETE /api/messages/573b6288a208e476795a2262 HTTP/1.1" 200 29 "http://localhost:3000/" "Mozilla/5.0 (Macintosh; Intel Mac OS X 10_11_2) AppleWebKit/537.36 (KHTML, like Gecko) Chrome/50.0.2661.94 Safari/537.36"
::1 - - [17/May/2016:18:27:26 +0000] "GET /api/messages HTTP/1.1" 200 722 "http://localhost:3000/" "Mozilla/5.0 (Macintosh; Intel Mac OS X 10_11_2) AppleWebKit/537.36 (KHTML, like Gecko) Chrome/50.0.2661.94 Safari/537.36"
::1 - - [17/May/2016:18:57:39 +0000] "GET / HTTP/1.1" 304 - "-" "Mozilla/5.0 (Macintosh; Intel Mac OS X 10_11_2) AppleWebKit/537.36 (KHTML, like Gecko) Chrome/50.0.2661.94 Safari/537.36"
::1 - - [17/May/2016:18:57:39 +0000] "GET /api/messages HTTP/1.1" 304 - "http://localhost:3000/" "Mozilla/5.0 (Macintosh; Intel Mac OS X 10_11_2) AppleWebKit/537.36 (KHTML, like Gecko) Chrome/50.0.2661.94 Safari/537.36"
::1 - - [17/May/2016:18:57:43 +0000] "POST /api/messages HTTP/1.1" 200 131 "http://localhost:3000/" "Mozilla/5.0 (Macintosh; Intel Mac OS X 10_11_2) AppleWebKit/537.36 (KHTML, like Gecko) Chrome/50.0.2661.94 Safari/537.36"
::1 - - [17/May/2016:18:57:43 +0000] "GET /api/messages HTTP/1.1" 200 854 "http://localhost:3000/" "Mozilla/5.0 (Macintosh; Intel Mac OS X 10_11_2) AppleWebKit/537.36 (KHTML, like Gecko) Chrome/50.0.2661.94 Safari/537.36"
::1 - - [17/May/2016:18:57:45 +0000] "POST /api/messages HTTP/1.1" 200 126 "http://localhost:3000/" "Mozilla/5.0 (Macintosh; Intel Mac OS X 10_11_2) AppleWebKit/537.36 (KHTML, like Gecko) Chrome/50.0.2661.94 Safari/537.36"
::1 - - [17/May/2016:18:57:45 +0000] "GET /api/messages HTTP/1.1" 200 981 "http://localhost:3000/" "Mozilla/5.0 (Macintosh; Intel Mac OS X 10_11_2) AppleWebKit/537.36 (KHTML, like Gecko) Chrome/50.0.2661.94 Safari/537.36"
::1 - - [17/May/2016:18:57:47 +0000] "POST /api/messages HTTP/1.1" 200 127 "http://localhost:3000/" "Mozilla/5.0 (Macintosh; Intel Mac OS X 10_11_2) AppleWebKit/537.36 (KHTML, like Gecko) Chrome/50.0.2661.94 Safari/537.36"
::1 - - [17/May/2016:18:57:47 +0000] "GET /api/messages HTTP/1.1" 200 1109 "http://localhost:3000/" "Mozilla/5.0 (Macintosh; Intel Mac OS X 10_11_2) AppleWebKit/537.36 (KHTML, like Gecko) Chrome/50.0.2661.94 Safari/537.36"
::1 - - [17/May/2016:18:57:50 +0000] "POST /api/messages HTTP/1.1" 200 127 "http://localhost:3000/" "Mozilla/5.0 (Macintosh; Intel Mac OS X 10_11_2) AppleWebKit/537.36 (KHTML, like Gecko) Chrome/50.0.2661.94 Safari/537.36"
::1 - - [17/May/2016:18:57:50 +0000] "GET /api/messages HTTP/1.1" 200 1237 "http://localhost:3000/" "Mozilla/5.0 (Macintosh; Intel Mac OS X 10_11_2) AppleWebKit/537.36 (KHTML, like Gecko) Chrome/50.0.2661.94 Safari/537.36"
::1 - - [17/May/2016:18:57:53 +0000] "DELETE /api/messages/573b69ab7be3e8597f45a7a6 HTTP/1.1" 200 29 "http://localhost:3000/" "Mozilla/5.0 (Macintosh; Intel Mac OS X 10_11_2) AppleWebKit/537.36 (KHTML, like Gecko) Chrome/50.0.2661.94 Safari/537.36"
::1 - - [17/May/2016:18:57:53 +0000] "GET /api/messages HTTP/1.1" 200 1109 "http://localhost:3000/" "Mozilla/5.0 (Macintosh; Intel Mac OS X 10_11_2) AppleWebKit/537.36 (KHTML, like Gecko) Chrome/50.0.2661.94 Safari/537.36"
::1 - - [17/May/2016:18:57:55 +0000] "DELETE /api/messages/573b69a77be3e8597f45a7a4 HTTP/1.1" 200 29 "http://localhost:3000/" "Mozilla/5.0 (Macintosh; Intel Mac OS X 10_11_2) AppleWebKit/537.36 (KHTML, like Gecko) Chrome/50.0.2661.94 Safari/537.36"
::1 - - [17/May/2016:18:57:55 +0000] "GET /api/messages HTTP/1.1" 200 977 "http://localhost:3000/" "Mozilla/5.0 (Macintosh; Intel Mac OS X 10_11_2) AppleWebKit/537.36 (KHTML, like Gecko) Chrome/50.0.2661.94 Safari/537.36"
::1 - - [17/May/2016:18:59:27 +0000] "POST /api/messages HTTP/1.1" 200 130 "http://localhost:3000/" "Mozilla/5.0 (Macintosh; Intel Mac OS X 10_11_2) AppleWebKit/537.36 (KHTML, like Gecko) Chrome/50.0.2661.94 Safari/537.36"
::1 - - [17/May/2016:18:59:27 +0000] "GET /api/messages HTTP/1.1" 200 1108 "http://localhost:3000/" "Mozilla/5.0 (Macintosh; Intel Mac OS X 10_11_2) AppleWebKit/537.36 (KHTML, like Gecko) Chrome/50.0.2661.94 Safari/537.36"
::1 - - [17/May/2016:18:59:30 +0000] "POST /api/messages HTTP/1.1" 200 132 "http://localhost:3000/" "Mozilla/5.0 (Macintosh; Intel Mac OS X 10_11_2) AppleWebKit/537.36 (KHTML, like Gecko) Chrome/50.0.2661.94 Safari/537.36"
::1 - - [17/May/2016:18:59:30 +0000] "GET /api/messages HTTP/1.1" 200 1241 "http://localhost:3000/" "Mozilla/5.0 (Macintosh; Intel Mac OS X 10_11_2) AppleWebKit/537.36 (KHTML, like Gecko) Chrome/50.0.2661.94 Safari/537.36"
::1 - - [17/May/2016:18:59:32 +0000] "POST /api/messages HTTP/1.1" 200 132 "http://localhost:3000/" "Mozilla/5.0 (Macintosh; Intel Mac OS X 10_11_2) AppleWebKit/537.36 (KHTML, like Gecko) Chrome/50.0.2661.94 Safari/537.36"
::1 - - [17/May/2016:18:59:32 +0000] "GET /api/messages HTTP/1.1" 200 1374 "http://localhost:3000/" "Mozilla/5.0 (Macintosh; Intel Mac OS X 10_11_2) AppleWebKit/537.36 (KHTML, like Gecko) Chrome/50.0.2661.94 Safari/537.36"
::1 - - [17/May/2016:18:59:34 +0000] "POST /api/messages HTTP/1.1" 200 126 "http://localhost:3000/" "Mozilla/5.0 (Macintosh; Intel Mac OS X 10_11_2) AppleWebKit/537.36 (KHTML, like Gecko) Chrome/50.0.2661.94 Safari/537.36"
::1 - - [17/May/2016:18:59:34 +0000] "GET /api/messages HTTP/1.1" 200 1501 "http://localhost:3000/" "Mozilla/5.0 (Macintosh; Intel Mac OS X 10_11_2) AppleWebKit/537.36 (KHTML, like Gecko) Chrome/50.0.2661.94 Safari/537.36"
::1 - - [17/May/2016:18:59:36 +0000] "DELETE /api/messages/573b6a0f7be3e8597f45a7a8 HTTP/1.1" 200 29 "http://localhost:3000/" "Mozilla/5.0 (Macintosh; Intel Mac OS X 10_11_2) AppleWebKit/537.36 (KHTML, like Gecko) Chrome/50.0.2661.94 Safari/537.36"
::1 - - [17/May/2016:18:59:36 +0000] "GET /api/messages HTTP/1.1" 200 1370 "http://localhost:3000/" "Mozilla/5.0 (Macintosh; Intel Mac OS X 10_11_2) AppleWebKit/537.36 (KHTML, like Gecko) Chrome/50.0.2661.94 Safari/537.36"
::1 - - [17/May/2016:18:59:37 +0000] "DELETE /api/messages/573b6a127be3e8597f45a7a9 HTTP/1.1" 200 29 "http://localhost:3000/" "Mozilla/5.0 (Macintosh; Intel Mac OS X 10_11_2) AppleWebKit/537.36 (KHTML, like Gecko) Chrome/50.0.2661.94 Safari/537.36"
::1 - - [17/May/2016:18:59:37 +0000] "GET /api/messages HTTP/1.1" 200 1237 "http://localhost:3000/" "Mozilla/5.0 (Macintosh; Intel Mac OS X 10_11_2) AppleWebKit/537.36 (KHTML, like Gecko) Chrome/50.0.2661.94 Safari/537.36"
